09-Nov-2019 18:38:21.828 INFORMACIÓN [http-nio-8081-exec-4] org.apache.catalina.core.ApplicationContext.log Manager: init: Associated with Deployer 'Catalina:type=Deployer,host=localhost'
09-Nov-2019 18:38:21.828 INFORMACIÓN [http-nio-8081-exec-4] org.apache.catalina.core.ApplicationContext.log Manager: init: Global resources are available
09-Nov-2019 18:38:46.070 INFORMACIÓN [http-nio-8081-exec-2] org.apache.catalina.core.ApplicationContext.log Manager: list: Listing contexts for virtual host 'localhost'
09-Nov-2019 18:38:46.075 INFORMACIÓN [http-nio-8081-exec-3] org.apache.catalina.core.ApplicationContext.log Manager: list: Listing contexts for virtual host 'localhost'
09-Nov-2019 18:38:46.115 INFORMACIÓN [http-nio-8081-exec-1] org.apache.catalina.core.ApplicationContext.log Manager: install: Installing context configuration at 'file:/C:/Users/user/AppData/Local/Temp/context1561560098534552234.xml'
09-Nov-2019 18:38:46.509 INFORMACIÓN [http-nio-8081-exec-4] org.apache.catalina.core.ApplicationContext.log Manager: start: Starting web application '/Presentacion'
09-Nov-2019 18:38:46.603 INFORMACIÓN [http-nio-8081-exec-1] org.apache.catalina.core.ApplicationContext.log Manager: list: Listing contexts for virtual host 'localhost'
09-Nov-2019 18:38:46.750 INFORMACIÓN [http-nio-8081-exec-4] org.apache.catalina.core.ApplicationContext.log Manager: restart: Reloading web application '/Presentacion'
09-Nov-2019 18:40:45.232 INFORMACIÓN [http-nio-8081-exec-17] org.apache.catalina.core.ApplicationContext.log Manager: list: Listing contexts for virtual host 'localhost'
09-Nov-2019 18:40:45.234 INFORMACIÓN [http-nio-8081-exec-5] org.apache.catalina.core.ApplicationContext.log Manager: list: Listing contexts for virtual host 'localhost'
09-Nov-2019 18:40:45.250 INFORMACIÓN [http-nio-8081-exec-12] org.apache.catalina.core.ApplicationContext.log Manager: restart: Reloading web application '/Presentacion'
09-Nov-2019 18:40:45.254 INFORMACIÓN [http-nio-8081-exec-17] org.apache.catalina.core.ApplicationContext.log Manager: list: Listing contexts for virtual host 'localhost'
09-Nov-2019 18:40:45.552 INFORMACIÓN [http-nio-8081-exec-3] org.apache.catalina.core.ApplicationContext.log Manager: restart: Reloading web application '/Presentacion'
09-Nov-2019 18:40:46.391 INFORMACIÓN [http-nio-8081-exec-8] org.apache.catalina.core.ApplicationContext.log Manager: list: Listing contexts for virtual host 'localhost'
09-Nov-2019 18:40:46.397 INFORMACIÓN [http-nio-8081-exec-17] org.apache.catalina.core.ApplicationContext.log Manager: restart: Reloading web application '/Presentacion'
09-Nov-2019 18:43:35.621 INFORMACIÓN [http-nio-8081-exec-24] org.apache.catalina.core.ApplicationContext.log Manager: list: Listing contexts for virtual host 'localhost'
09-Nov-2019 18:43:35.627 INFORMACIÓN [http-nio-8081-exec-25] org.apache.catalina.core.ApplicationContext.log Manager: restart: Reloading web application '/Presentacion'
09-Nov-2019 18:48:34.866 INFORMACIÓN [http-nio-8081-exec-31] org.apache.catalina.core.ApplicationContext.log Manager: list: Listing contexts for virtual host 'localhost'
09-Nov-2019 18:48:34.872 INFORMACIÓN [http-nio-8081-exec-29] org.apache.catalina.core.ApplicationContext.log Manager: restart: Reloading web application '/Presentacion'
09-Nov-2019 18:52:58.925 INFORMACIÓN [http-nio-8081-exec-48] org.apache.catalina.core.ApplicationContext.log Manager: list: Listing contexts for virtual host 'localhost'
09-Nov-2019 18:52:58.933 INFORMACIÓN [http-nio-8081-exec-40] org.apache.catalina.core.ApplicationContext.log Manager: restart: Reloading web application '/Presentacion'
09-Nov-2019 18:53:24.450 INFORMACIÓN [http-nio-8081-exec-45] org.apache.catalina.core.ApplicationContext.log Manager: list: Listing contexts for virtual host 'localhost'
09-Nov-2019 18:53:24.457 INFORMACIÓN [http-nio-8081-exec-49] org.apache.catalina.core.ApplicationContext.log Manager: list: Listing contexts for virtual host 'localhost'
09-Nov-2019 18:53:24.471 INFORMACIÓN [http-nio-8081-exec-42] org.apache.catalina.core.ApplicationContext.log Manager: restart: Reloading web application '/Presentacion'
09-Nov-2019 18:53:25.567 INFORMACIÓN [http-nio-8081-exec-46] org.apache.catalina.core.ApplicationContext.log Manager: list: Listing contexts for virtual host 'localhost'
09-Nov-2019 18:53:25.574 INFORMACIÓN [http-nio-8081-exec-42] org.apache.catalina.core.ApplicationContext.log Manager: restart: Reloading web application '/Presentacion'
09-Nov-2019 19:00:50.894 INFORMACIÓN [http-nio-8081-exec-53] org.apache.catalina.core.ApplicationContext.log Manager: list: Listing contexts for virtual host 'localhost'
09-Nov-2019 19:00:50.902 INFORMACIÓN [http-nio-8081-exec-54] org.apache.catalina.core.ApplicationContext.log Manager: restart: Reloading web application '/Presentacion'
09-Nov-2019 19:04:13.781 INFORMACIÓN [http-nio-8081-exec-63] org.apache.catalina.core.ApplicationContext.log Manager: list: Listing contexts for virtual host 'localhost'
09-Nov-2019 19:04:13.786 INFORMACIÓN [http-nio-8081-exec-64] org.apache.catalina.core.ApplicationContext.log Manager: restart: Reloading web application '/Presentacion'
09-Nov-2019 19:05:45.432 INFORMACIÓN [http-nio-8081-exec-66] org.apache.catalina.core.ApplicationContext.log Manager: list: Listing contexts for virtual host 'localhost'
09-Nov-2019 19:05:45.439 INFORMACIÓN [http-nio-8081-exec-67] org.apache.catalina.core.ApplicationContext.log Manager: restart: Reloading web application '/Presentacion'
09-Nov-2019 19:08:27.974 INFORMACIÓN [http-nio-8081-exec-77] org.apache.catalina.core.ApplicationContext.log Manager: list: Listing contexts for virtual host 'localhost'
09-Nov-2019 19:08:27.986 INFORMACIÓN [http-nio-8081-exec-71] org.apache.catalina.core.ApplicationContext.log Manager: restart: Reloading web application '/Presentacion'
09-Nov-2019 19:08:53.316 INFORMACIÓN [http-nio-8081-exec-78] org.apache.catalina.core.ApplicationContext.log Manager: list: Listing contexts for virtual host 'localhost'
09-Nov-2019 19:08:53.320 INFORMACIÓN [http-nio-8081-exec-71] org.apache.catalina.core.ApplicationContext.log Manager: list: Listing contexts for virtual host 'localhost'
09-Nov-2019 19:08:53.335 INFORMACIÓN [http-nio-8081-exec-75] org.apache.catalina.core.ApplicationContext.log Manager: restart: Reloading web application '/Presentacion'
09-Nov-2019 19:10:29.953 INFORMACIÓN [http-nio-8081-exec-81] org.apache.catalina.core.ApplicationContext.log Manager: list: Listing contexts for virtual host 'localhost'
09-Nov-2019 19:10:29.959 INFORMACIÓN [http-nio-8081-exec-82] org.apache.catalina.core.ApplicationContext.log Manager: restart: Reloading web application '/Presentacion'
